<?xml version="1.0" encoding="UTF-8"?>
<testng-results ignored="0" total="2" passed="2" failed="0" skipped="0">
  <reporter-output>
  </reporter-output>
  <suite started-at="2022-05-10T23:24:22 EDT" name="Surefire suite" finished-at="2022-05-10T23:25:04 EDT" duration-ms="42322">
    <groups>
      <group name="cucumber">
        <method signature="AbstractTestNGCucumberTests.runScenario(io.cucumber.testng.PickleWrapper, io.cucumber.testng.FeatureWrapper)[pri:0, instance:TestRunner.passwd.Test_Runner_passwd@38425407]" name="runScenario" class="io.cucumber.testng.AbstractTestNGCucumberTests"/>
      </group> <!-- cucumber -->
    </groups>
    <test started-at="2022-05-10T23:24:22 EDT" name="Surefire test" finished-at="2022-05-10T23:25:04 EDT" duration-ms="42322">
      <class name="TestRunner.passwd.Test_Runner_passwd">
        <test-method is-config="true" signature="settingup()[pri:0, instance:TestRunner.passwd.Test_Runner_passwd@38425407]" started-at="2022-05-10T23:24:22 EDT" name="settingup" finished-at="2022-05-10T23:24:23 EDT" duration-ms="1696" status="PASS">
          <reporter-output>
          </reporter-output>
        </test-method> <!-- settingup -->
        <test-method is-config="true" signature="setUpClass(org.testng.ITestContext)[pri:0, instance:TestRunner.passwd.Test_Runner_passwd@38425407]" started-at="2022-05-10T23:24:23 EDT" name="setUpClass" finished-at="2022-05-10T23:24:24 EDT" duration-ms="163" status="PASS">
          <params>
            <param index="0">
              <value>
                <![CDATA[org.testng.TestRunner@7fcf294e]]>
              </value>
            </param>
          </params>
          <reporter-output>
          </reporter-output>
        </test-method> <!-- setUpClass -->
        <test-method signature="runScenario(io.cucumber.testng.PickleWrapper, io.cucumber.testng.FeatureWrapper)[pri:0, instance:TestRunner.passwd.Test_Runner_passwd@38425407]" started-at="2022-05-10T23:24:24 EDT" name="runScenario" description="Runs Cucumber Scenarios" data-provider="scenarios" finished-at="2022-05-10T23:24:33 EDT" duration-ms="9640" status="PASS">
          <params>
            <param index="0">
              <value>
                <![CDATA["Verify user can Generate 3 Default Password"]]>
              </value>
            </param>
            <param index="1">
              <value>
                <![CDATA["Optional[Create Password]"]]>
              </value>
            </param>
          </params>
          <reporter-output>
          </reporter-output>
        </test-method> <!-- runScenario -->
        <test-method signature="runScenario(io.cucumber.testng.PickleWrapper, io.cucumber.testng.FeatureWrapper)[pri:0, instance:TestRunner.passwd.Test_Runner_passwd@38425407]" started-at="2022-05-10T23:24:33 EDT" name="runScenario" description="Runs Cucumber Scenarios" data-provider="scenarios" finished-at="2022-05-10T23:25:03 EDT" duration-ms="29762" status="PASS">
          <params>
            <param index="0">
              <value>
                <![CDATA["Generate a password in a number of words 2, minimum length 4, maximum length 5, UpperCase letter and a Special Character."]]>
              </value>
            </param>
            <param index="1">
              <value>
                <![CDATA["Optional[Create Password]"]]>
              </value>
            </param>
          </params>
          <reporter-output>
          </reporter-output>
        </test-method> <!-- runScenario -->
        <test-method is-config="true" signature="tearDownClass()[pri:0, instance:TestRunner.passwd.Test_Runner_passwd@38425407]" started-at="2022-05-10T23:25:03 EDT" name="tearDownClass" finished-at="2022-05-10T23:25:03 EDT" duration-ms="395" status="PASS">
          <reporter-output>
          </reporter-output>
        </test-method> <!-- tearDownClass -->
        <test-method is-config="true" signature="CloseDown()[pri:0, instance:TestRunner.passwd.Test_Runner_passwd@38425407]" started-at="2022-05-10T23:25:03 EDT" name="CloseDown" finished-at="2022-05-10T23:25:04 EDT" duration-ms="631" status="PASS">
          <reporter-output>
          </reporter-output>
        </test-method> <!-- CloseDown -->
      </class> <!-- TestRunner.passwd.Test_Runner_passwd -->
    </test> <!-- Surefire test -->
  </suite> <!-- Surefire suite -->
</testng-results>
